C51 COMPILER V8.02   LCD                                                                   11/27/2018 18:28:33 PAGE 1   


C51 COMPILER V8.02, COMPILATION OF MODULE LCD
OBJECT MODULE PLACED IN .\obj\lcd.obj
COMPILER INVOKED BY: C:\Keil\C51\BIN\C51.EXE lcd.c LARGE OPTIMIZE(9,SPEED) BROWSE ORDER INCDIR(..\MCO;..\SKCAN\Include) 
                    -DEBUG OBJECTEXTEND PRINT(.\lst\lcd.lst) OBJECT(.\obj\lcd.obj)

line level    source

   1          //****************************************************************************
   2          // @Module        LCD
   3          // @Filename      LCD.C
   4          // @Project       Hands On Training
   5          //----------------------------------------------------------------------------
   6          // @Controller    Siemens C500 Family
   7          //
   8          // @Compiler      Keil C51
   9          //                
  10          //
  11          // @Author        Adapted by Dany Nativel (originally C166 drivers by Michael Knese)
  12          //
  13          // @Description   This file contains all functions that use the LCD Display
  14          //                
  15          //
  16          //----------------------------------------------------------------------------
  17          // @Date         01/26/99 10:00:00 AM
  18          //
  19          //****************************************************************************
  20          
  21          //****************************************************************************
  22          // @Project Includes
  23          //****************************************************************************
  24          
  25          #include <ctype.h>
  26          #include <string.h>
  27          #include <LCD.H>
  28          
  29          
  30          
  31          // USER CODE BEGIN (LCD_General,1)
  32          
  33          // USER CODE END
  34          
  35          
  36          //***************************************************************************
  37          // @Global Variables
  38          //***************************************************************************
  39          
  40          // USER CODE BEGIN (LCD_General,2)
  41          
  42          // USER CODE END
  43          
  44          
  45          //***************************************************************************
  46          // @Define user-defined character dot patterns
  47          //***************************************************************************
  48          const unsigned char LCD_CHAR_BAR0[] = {
  49            0x0F,   // ---01111
  50            0x0F,   // ---01111
  51            0x0F,   // ---01111
  52            0x0F,   // ---01111
  53            0x0F,   // ---01111
  54            0x0F,   // ---01111
C51 COMPILER V8.02   LCD                                                                   11/27/2018 18:28:33 PAGE 2   

  55            0x0F,   // ---01111
  56            0x0F    // ---01111
  57          };
  58          const unsigned char LCD_CHAR_BAR1[] = {
  59            0x07,   // ---00111
  60            0x07,   // ---00111
  61            0x07,   // ---00111
  62            0x07,   // ---00111
  63            0x07,   // ---00111
  64            0x07,   // ---00111
  65            0x07,   // ---00111
  66            0x07    // ---00111
  67          };
  68          const unsigned char LCD_CHAR_BAR2[] = {
  69            0x03,   // ---00011
  70            0x03,   // ---00011
  71            0x03,   // ---00011
  72            0x03,   // ---00011
  73            0x03,   // ---00011
  74            0x03,   // ---00011
  75            0x03,   // ---00011
  76            0x03    // ---00011
  77          };
  78          const unsigned char LCD_CHAR_BAR3[] = {
  79            0x01,   // ---00001
  80            0x01,   // ---00001
  81            0x01,   // ---00001
  82            0x01,   // ---00001
  83            0x01,   // ---00001
  84            0x01,   // ---00001
  85            0x01,   // ---00001
  86            0x01    // ---00001
  87          };
  88          const unsigned char LCD_CHAR_BAR4[] = {
  89            0x10,   // ---10000
  90            0x10,   // ---10000
  91            0x10,   // ---10000
  92            0x10,   // ---10000
  93            0x10,   // ---10000
  94            0x10,   // ---10000
  95            0x10,   // ---10000
  96            0x10    // ---10000
  97          };
  98          const unsigned char LCD_CHAR_BAR5[] = {
  99            0x18,   // ---11000
 100            0x18,   // ---11000
 101            0x18,   // ---11000
 102            0x18,   // ---11000
 103            0x18,   // ---11000
 104            0x18,   // ---11000
 105            0x18,   // ---11000
 106            0x18    // ---11000
 107          };
 108          const unsigned char LCD_CHAR_BAR6[] = {
 109            0x1c,   // ---11100
 110            0x1c,   // ---11100
 111            0x1c,   // ---11100
 112            0x1c,   // ---11100
 113            0x1c,   // ---11100
 114            0x1c,   // ---11100
 115            0x1c,   // ---11100
 116            0x1c    // ---11100
C51 COMPILER V8.02   LCD                                                                   11/27/2018 18:28:33 PAGE 3   

 117          };
 118          const unsigned char LCD_CHAR_BAR7[] = {
 119            0x1e,   // ---11110
 120            0x1e,   // ---11110
 121            0x1e,   // ---11110
 122            0x1e,   // ---11110
 123            0x1e,   // ---11110
 124            0x1e,   // ---11110
 125            0x1e,   // ---11110
 126            0x1e    // ---11110
 127          };
 128          const unsigned char LCD_CHAR_BAR8[] = {
 129            0x1f,   // ---11111
 130            0x1f,   // ---11111
 131            0x1f,   // ---11111
 132            0x1f,   // ---11111
 133            0x1f,   // ---11111
 134            0x1f,   // ---11111
 135            0x1f,   // ---11111
 136            0x1f    // ---11111
 137          };
 138          const unsigned char LCD_CHAR_BAR9[] = {
 139            0x00,   // ---00000
 140            0x00,   // ---00000
 141            0x00,   // ---00000
 142            0x00,   // ---00000
 143            0x00,   // ---00000
 144            0x00,   // ---00000
 145            0x00,   // ---00000
 146            0x00    // ---00000
 147          };
 148          const unsigned char LCD_CHAR_UP_ARROW[] = {
 149            0x1f,   // ---11111
 150            0x1b,   // ---11011
 151            0x11,   // ---10001
 152            0x0a,   // ---01010
 153            0x1b,   // ---11011
 154            0x1b,   // ---11011
 155            0x1b,   // ---11011
 156            0x1f    // ---11111
 157          };
 158          const unsigned char LCD_CHAR_DOWN_ARROW[] = {
 159            0x1f,   // ---11111
 160            0x1b,   // ---11011
 161            0x1b,   // ---11011
 162            0x1b,   // ---11011
 163            0x0a,   // ---01010
 164            0x11,   // ---10001
 165            0x1b,   // ---11011
 166            0x1f    // ---11111
 167          };
 168          const unsigned char LCD_CHAR_TRADEMARK_T[] = {
 169            0x1f,   // ---11111
 170            0x04,   // ---00100
 171            0x04,   // ---00100
 172            0x04,   // ---00100
 173            0x00,   // ---00000
 174            0x00,   // ---00000
 175            0x00,   // ---00000
 176            0x00    // ---00000
 177          };
 178          const unsigned char LCD_CHAR_TRADEMARK_M[] = {
C51 COMPILER V8.02   LCD                                                                   11/27/2018 18:28:33 PAGE 4   

 179            0x11,   // ---10001
 180            0x1b,   // ---11011
 181            0x15,   // ---10101
 182            0x11,   // ---10001
 183            0x00,   // ---00000
 184            0x00,   // ---00000
 185            0x00,   // ---00000
 186            0x00    // ---00000
 187          };
 188          
 189          
 190          
 191          //****************************************************************************
 192          // @Function      void LCD_vInit(void)
 193          //
 194          //----------------------------------------------------------------------------
 195          // @Description   This function initializes the LCD component. It effects all
 196          //                necessary configurations of the LCD-Register, depending on 
 197          //                the selected operating mode. 
 198          //----------------------------------------------------------------------------
 199          // @Returnvalue   none
 200          //
 201          //----------------------------------------------------------------------------
 202          // @Parameters    none
 203          //
 204          //----------------------------------------------------------------------------
 205          // @Date          11/16/98 12:44:55 PM
 206          //
 207          //****************************************************************************
 208          
 209          void LCD_vInit(void)
 210          {
 211   1        unsigned long i;
 212   1      
 213   1         for(i=0x0D2;i>0;i--);        /* wait more than 15ms                                  */
 214   1         Befehle = 0x30;              /* init                                                 */
 215   1      
 216   1      
 217   1        for(i=0x032;i>0;i--); /* wait more than 4.1ms                                 */
 218   1        Befehle = 0x30;               /* init                                                 */
 219   1      
 220   1      
 221   1        for(i=0x05;i>0;i--);  /* wait more than 0.1ms                                         */
 222   1        Befehle = 0x30;               /* init                                                 */
 223   1      
 224   1        while (LCD_bBusyFlag()==1);           /* wait till LCD ready  */
 225   1                      
 226   1      
 227   1        Befehle = 0x38;               /* 8 bit bus, 2 lines, 5x7 dots                         */
 228   1        
 229   1        while (LCD_bBusyFlag()==1);           /* wait till LCD ready  */
 230   1                   
 231   1      
 232   1        Befehle = 0x08;               /* display off                                          */
 233   1      
 234   1        while (LCD_bBusyFlag()==1);   
 235   1             
 236   1      
 237   1        Befehle = 0x01;               /* display clear                                        */
 238   1      
 239   1        while (LCD_bBusyFlag()==1);         
 240   1                     
C51 COMPILER V8.02   LCD                                                                   11/27/2018 18:28:33 PAGE 5   

 241   1        Befehle = 0x06;               /* entry mode set,  cursor move direction: increase     */
 242   1      
 243   1      
 244   1        while (LCD_bBusyFlag()==1);       
 245   1      
 246   1        Befehle = 0x0C;               /* display on                                           */
 247   1      
 248   1      
 249   1      
 250   1        //
 251   1        // load user-defined characters into LCD
 252   1        //
 253   1        LCD_vDefineChar (0, LCD_CHAR_BAR0);
 254   1        LCD_vDefineChar (1, LCD_CHAR_BAR1);
 255   1        LCD_vDefineChar (2, LCD_CHAR_BAR2);
 256   1        LCD_vDefineChar (3, LCD_CHAR_BAR3);
 257   1        LCD_vDefineChar (4, LCD_CHAR_BAR4);
 258   1        LCD_vDefineChar (5, LCD_CHAR_BAR5);
 259   1        LCD_vDefineChar (6, LCD_CHAR_BAR6);
 260   1        LCD_vDefineChar (7, LCD_CHAR_BAR7);
 261   1      
 262   1      
 263   1        // USER CODE BEGIN (LCD_Init,1)
 264   1      
 265   1        // USER CODE END
 266   1      
 267   1      }
 268          
 269          
 270          
 271          /********************************************************************************/
 272          /*      wait till Busy Flag = 0                                                 */
 273          /********************************************************************************/
 274          bit LCD_bBusyFlag (void)
 275          
 276          { 
 277   1      
 278   1         if ((READ_BusyF_and_Adress & 0x80) == 0x80)          /* test busy flag               */
 279   1             return (1);                                      /* LCD is busy                  */
 280   1         else                                                 
 281   1             return (0);                                      /* LCD is ready                 */
 282   1      
 283   1      }
 284          
 285          
 286          /********************************************************************************/
 287          /*      Clears display and returns cursor to home position (DD RAM address = 0) */
 288          /********************************************************************************/
 289          void LCD_vClear (void)
 290          
 291          {
 292   1      
 293   1         while (LCD_bBusyFlag()==1);
 294   1         Befehle = 0x01;              /* display clear                */
 295   1      
 296   1      
 297   1      }
 298          
 299          
 300          /********************************************************************************/
 301          /*      Sets DD RAM address 0 in address counter. Also returns display being    */
 302          /*      shifted to original position. DD RAM contents remain unchanged          */
C51 COMPILER V8.02   LCD                                                                   11/27/2018 18:28:33 PAGE 6   

 303          /********************************************************************************/
 304          void LCD_vHome (void)
 305          
 306          {
 307   1          while (LCD_bBusyFlag()==1);
 308   1          Befehle = 0x02;
 309   1      
 310   1      }
 311          
 312          
 313          /********************************************************************************/
 314          /*      Cursor ON/OFF , blink ON/OFF                                            */
 315          /*                                                                              */
 316          /*      0 ==>> Cursor OFF ,  blink OFF                                          */
 317          /*      1 ==>> Cursor ON  ,  blink OFF                                          */
 318          /*      2 ==>> Cursor ON  ,  blink ON                                           */
 319          /*                                                                              */
 320          /********************************************************************************/
 321          void LCD_vSetCursor (unsigned char cursor)
 322          
 323          {
 324   1      
 325   1         if      (cursor == 0)
 326   1           {
 327   2              while (LCD_bBusyFlag()==1);
 328   2              Befehle = 0x0C;
 329   2           }
 330   1      
 331   1         else if (cursor == 1)
 332   1           {
 333   2              while (LCD_bBusyFlag()==1);
 334   2              Befehle = 0x0E;
 335   2           }
 336   1      
 337   1         else if (cursor == 2)
 338   1           {
 339   2              while (LCD_bBusyFlag()==1);
 340   2              Befehle = 0x0F;
 341   2           }
 342   1      
 343   1      }
 344          
 345          /********************************************************************************/
 346          /*      Moves cursor and shifts display without changing DD RAM contents        */
 347          /*                                                                              */
 348          /*      0 ==>> moves cursor left                                                */
 349          /*      1 ==>> shifts display to the right                                      */
 350          /*      2 ==>> shifts display to the left                                       */
 351          /*      3 ==>> moves cursor right                                               */
 352          /********************************************************************************/
 353          void LCD_vMoveShift (unsigned char move)
 354          
 355          {              
 356   1      
 357   1         if      (move == 0)
 358   1           {
 359   2              while (LCD_bBusyFlag()==1);
 360   2              Befehle = 0x10;
 361   2           }
 362   1      
 363   1         else if (move == 1)
 364   1           {
C51 COMPILER V8.02   LCD                                                                   11/27/2018 18:28:33 PAGE 7   

 365   2              while (LCD_bBusyFlag()==1);
 366   2              Befehle = 0x1C;
 367   2           }
 368   1      
 369   1         else if (move == 2)
 370   1           {
 371   2              while (LCD_bBusyFlag()==1);
 372   2              Befehle = 0x18;
 373   2           }
 374   1      
 375   1         else if (move == 3)
 376   1           {
 377   2              while (LCD_bBusyFlag()==1);
 378   2              Befehle = 0x14;
 379   2           }
 380   1      
 381   1      
 382   1      }
 383          
 384           
 385          
 386          /********************************************************************************/
 387          /*      Set CURSOR-POSITION                                                     */
 388          /*      Author :   Michael Knese                                                */
 389          /*                                                                              */
 390          /*      parameter: X: X-Position (00..27h)                                      */ 
 391          /*                 Y: Y-Position (0 = 1.line ;   1 = 2.line)                    */
 392          /*                 ==> DD RAM address (00..27h => 1.line;    40..67h => 2.line   */
 393          /********************************************************************************/
 394          
 395          void LCD_vGotoXY (unsigned char X, unsigned char Y)
 396          
 397          {
 398   1           while (LCD_bBusyFlag()==1);  
 399   1           Befehle = 0x80 | ( Y ? (X+0x40) : X );
 400   1      }
 401          
 402          
 403          
 404          /*
 405          ** LCD_Cursor: Position the LCD cursor at "row", "column".
 406          */
 407          void LCD_vCursorPos (char row, char column)
 408          {
 409   1              while (LCD_bBusyFlag()==1);
 410   1              switch (row) {
 411   2                      case 1: Befehle = (0x80 + column - 1); break;
 412   2                      case 2: Befehle = (0xc0 + column - 1); break;
 413   2                      //case 3: Befehle = (0x94 + column - 1); break;
 414   2                      //case 4: Befehle = (0xd4 + column - 1); break;
 415   2                      default: break;
 416   2              }
 417   1      }
 418          
 419          
 420          //////////////////////////////////////////////////////////////////////////////////
 421          //      Write a unsined byte on the display                                     //
 422          //      Author :   Michael Knese                                                //
 423          //                                                                              //
 424          //      parameter: X: X-Position (00..27h)                                      // 
 425          //                 Y: Y-Position (0 = 1.line ;   1 = 2.line)                    //
 426          //                 ==> DD RAM address (00..27h => 1.line;    40..67h => 2.line   //
C51 COMPILER V8.02   LCD                                                                   11/27/2018 18:28:33 PAGE 8   

 427          //                 Data:                                                        //
 428          //////////////////////////////////////////////////////////////////////////////////
 429          
 430          void LCD_vWrite_ubyteXY(unsigned char x, unsigned char y, unsigned char in_Data)
 431          {
 432   1      
 433   1          LCD_vGotoXY(x,y);                                   //go to position (x,y)
 434   1      
 435   1          while (LCD_bBusyFlag()==1);                         // wait till LCD ready          
 436   1          WRITE_Data = (in_Data/100) + '0' ;    in_Data %= 100;
 437   1          while (LCD_bBusyFlag()==1);                         // wait till LCD ready          
 438   1          WRITE_Data = (in_Data/ 10) + '0' ;    in_Data %=  10;
 439   1          while (LCD_bBusyFlag()==1);                         // wait till LCD ready          
 440   1          WRITE_Data = (in_Data    ) + '0' ; 
 441   1      
 442   1      }
 443          
 444          
 445          
 446          
 447          /*
 448          *********************************************************************************************************
 449          * long_to_string()
 450          *
 451          * Description : Convert a "long" to a null-terminated string
 452          *               (base = decimal)
 453          * Arguments   : input = number to be converted
 454          *               str = pointer to string (i.e. display buffer)
 455          *               numdigits = number of digits to display
 456          * Returns     : none
 457          *********************************************************************************************************
 458          */
 459          void LCD_vLong2String (unsigned long input, char *str, char numdigits)
 460          {
 461   1         char digit;
 462   1         char blank = TRUE;
 463   1      
 464   1         LCD_vLong2StringLZ(input, str, numdigits);
 465   1      
 466   1         for (digit=0; digit < numdigits-1; digit++) {
 467   2            if (str[digit] == '0') {
 468   3               if (blank == TRUE) str[digit] = ' ';
 469   3               }
 470   2            else {
 471   3                blank = FALSE;
 472   3            }
 473   2         }
 474   1      }
 475          
 476          
 477          /*
 478          *********************************************************************************************************
 479          * long_to_string_lz()
 480          *
 481          * Description : Convert a "long" to a null-terminated string, with leading zeros
 482          *               (base = decimal)
 483          * Arguments   : input = number to be converted
 484          *               str = pointer to string (i.e. display buffer)
 485          *               numdigits = number of digits to display
 486          * Returns     : none
 487          *********************************************************************************************************
 488          */
C51 COMPILER V8.02   LCD                                                                   11/27/2018 18:28:33 PAGE 9   

 489          void LCD_vLong2StringLZ (unsigned long input, char *str, char numdigits)
 490          {
 491   1          char digit;
 492   1      
 493   1          for (digit=numdigits; digit > 0; digit--) {
 494   2            str[digit-1] = (input % 10) + '0';
 495   2            input = input / 10;
 496   2          }
 497   1          str[numdigits] = 0;    // null-terminate the string
 498   1      }
 499          
 500          
 501          
 502          /*
 503          *********************************************************************************************************
 504          * uword_to_hexstring()
 505          *
 506          * Description : Convert an unsigned int to a null-terminated string
 507          *               (base = hexidecimal)
 508          * Arguments   : input = number to be converted
 509          *               str = pointer to string (i.e. display buffer)
 510          *               numdigits = number of digits to display
 511          * Returns     : none
 512          *********************************************************************************************************
 513          */
 514          void LCD_vUword2Hexstring (unsigned int input, char *str, char numdigits)
 515          {
 516   1           char digit;
 517   1      
 518   1           for (digit=numdigits; digit > 0; digit--) {
 519   2               char temp = input % 0x10;
 520   2               if (temp <= 0x09)
 521   2                  str[digit-1] = temp + '0';
 522   2               else
 523   2                  str[digit-1] = temp - 0x0a + 'A';
 524   2               input = input / 0x10;
 525   2           }
 526   1           str[numdigits] = 0;    // null-terminate the string
 527   1      }
 528          
 529          
 530          /*
 531          *********************************************************************************************************
 532          * hexstring_to_uword()
 533          *
 534          * Description : Convert a null-terminated string (base = hexidecimal)
 535          *               to an unsigned int (16 bits);
 536          * Arguments   : str = pointer to string
 537          * Returns     : result
 538          * Note        : Adapted from a function in the "Snippets" collection, by Bob Stout.
 539          *********************************************************************************************************
 540          */
 541          unsigned int LCD_uwHexstring2uword (char *str)
 542          {
 543   1            unsigned int i, j = 0;
 544   1      
 545   1            while (str && *str && isxdigit(*str)) {
 546   2               i = *str++ - '0';
 547   2               if (9 < i)
 548   2                  i -= 7;
 549   2               j <<= 4;
 550   2               j |= (i & 0x0f);
C51 COMPILER V8.02   LCD                                                                   11/27/2018 18:28:33 PAGE 10  

 551   2            }
 552   1            return(j);
 553   1      }
 554          
 555          
 556          
 557          /*
 558          ** LCD_DisplayString: Display a string at the specified row and column.
 559          */
 560          void LCD_vDisplayStringPos (char row, char column, char *string)
 561          {
 562   1              LCD_vCursorPos (row, column);
 563   1              while (*string)
 564   1                      LCD_vDisplayCharacter (*string++);
 565   1      }
 566          
 567          
 568          
 569          /*旼컴컴컴컴컴컴컴컴컴컴컴컴컴컴컴컴컴컴컴컴컴컴컴컴컴컴컴컴컴컴컴컴컴컴컴컴커
 570                function: LCD / write string                                          
 571            쳐컴컴컴컴컴컴컴컴컴컴컴컴컴컴컴컴컴컴컴컴컴컴컴컴컴컴컴컴컴컴컴컴컴컴컴컴캑
 572                  author: Michael Knese                                               
 573                    date: 28.12.1997                                                  
 574                 version: 1.1                                                         
 575             last change: 28.06.1998                                                  
 576            쳐컴컴컴컴컴컴컴컴컴컴컴컴컴컴컴컴컴컴컴컴컴컴컴컴컴컴컴컴컴컴컴컴컴컴컴컴캑
 577                  return: /                                                           
 578                      in: s, string to be displayed  (Zero terminated string)         
 579            쳐컴컴컴컴컴컴컴컴컴컴컴컴컴컴컴컴컴컴컴컴컴컴컴컴컴컴컴컴컴컴컴컴컴컴컴컴캑
 580             description:                                                             
 581             write string to dataregister                                             
 582            읕컴컴컴컴컴컴컴컴컴컴컴컴컴컴컴컴컴컴컴컴컴컴컴컴컴컴컴컴컴컴컴컴컴컴컴컴켸*/
 583          
 584          void LCD_vDisplayString (char *s)
 585          {
 586   1        while (*s)
 587   1        {                                                     // transmit all characters
 588   2          while (LCD_bBusyFlag()==1);
 589   2          WRITE_Data = (*s);
 590   2          s++;                                                // next character
 591   2          }
 592   1      
 593   1      }
 594          
 595          
 596          
 597          /*
 598          ** LCD_DisplayStringCentered: Display a string centered on the specified row.
 599          */
 600          void LCD_vDisplayStringCentered (char row, char *string)
 601          {
 602   1              char len = strlen (string);
 603   1      
 604   1              if (len <= 16) {
 605   2                      // if the string is less than one line, center it ...
 606   2                      char i;
 607   2                      LCD_vCursorPos (row, 1);
 608   2                      for (i=0; i<16; i++)
 609   2                              LCD_vDisplayCharacter (' ');
 610   2                      LCD_vDisplayStringPos(row,((16 - len) / 2)+1,string);
 611   2              }
 612   1              else {
C51 COMPILER V8.02   LCD                                                                   11/27/2018 18:28:33 PAGE 11  

 613   2                      // if the string is more than one line, display first 20 characters
 614   2                      char temp[17];
 615   2                      strncpy(temp, string, 16);
 616   2                      temp[16] = 0;
 617   2                      LCD_vDisplayStringPos(row,1,temp);
 618   2              }
 619   1      }
 620          
 621          
 622          
 623          /*
 624          ** LCD_DisplayScreen: Display an entire screen (80 characters).
 625          **
 626          **  inputs: ptr = pointer to a string containing the entire screen
 627          **
 628          **  example:
 629          **              char screen[] = "01234567890123456789"
 630          **                              " This is a test of  "
 631          **                              "LCD_DisplayScreen()."
 632          **                              "   How's it look?   ";
 633          **              DisplayScreen(screen);
 634          **
 635          */
 636          void LCD_vDisplayScreen (char *ptr)
 637          {
 638   1              LCD_vDisplayRow(1,ptr+ 0);
 639   1              LCD_vDisplayRow(2,ptr+16);
 640   1              //LCD_DisplayRow(3,ptr+40);
 641   1              //LCD_DisplayRow(4,ptr+60);
 642   1      }
 643          
 644          
 645          /*
 646          ** LCD_WipeOnLR: Display an entire screen (80 characters) by
 647          **               "wiping" it on (left to right).
 648          **
 649          **  inputs: ptr = pointer to a string containing the entire screen
 650          **
 651          */
 652          void LCD_vWipeOnLR (char *ptr)
 653          {
 654   1              // "wipe" on new screen
 655   1              char i;
 656   1              for (i=0; i<16; i++) {
 657   2                      LCD_vCursorPos(1,i+1);
 658   2                      LCD_vDisplayCharacter(*(ptr+ 0+i));
 659   2                      LCD_vCursorPos(2,i+1);
 660   2                      LCD_vDisplayCharacter(*(ptr+16+i));
 661   2                      //LCD_vCursorPos(3,i+1);
 662   2                      //LCD_DisplayCharacter(*(ptr+40+i));
 663   2                      //LCD_vCursorPos(4,i+1);
 664   2                      //LCD_DisplayCharacter(*(ptr+60+i));
 665   2              }
 666   1      }
 667          
 668          
 669          /*
 670          ** LCD_WipeOnLR: Display an entire screen (80 characters) by
 671          **               "wiping" it on (right to left).
 672          **
 673          **  inputs: ptr = pointer to a string containing the entire screen
 674          **
C51 COMPILER V8.02   LCD                                                                   11/27/2018 18:28:33 PAGE 12  

 675          */
 676          void LCD_vWipeOnRL (char *ptr)
 677          {
 678   1              // "wipe" on new screen
 679   1              char i;
 680   1              for (i=16; i>0; i--) {
 681   2                      LCD_vCursorPos(1,i);
 682   2                      LCD_vDisplayCharacter(*(ptr+ 0+i-1));
 683   2                      LCD_vCursorPos(2,i);
 684   2                      LCD_vDisplayCharacter(*(ptr+16+i-1));
 685   2                      //LCD_vCursorPos(3,i);
 686   2                      //LCD_DisplayCharacter(*(ptr+40+i-1));
 687   2                      //LCD_vCursorPos(4,i);
 688   2                      //LCD_DisplayCharacter(*(ptr+60+i-1));
 689   2              }
 690   1      }
 691          
 692          
 693          /*
 694          ** LCD_WipeOffLR: "Wipe" screen left-to-right.
 695          */
 696          void LCD_vWipeOffLR (void)
 697          {
 698   1              // "wipe" off old screen (left to right)
 699   1              char i;
 700   1              for (i=1; i<17; i++) {
 701   2                      #define BLOCK 0xff
 702   2                      LCD_vCursorPos(1,i);
 703   2                      LCD_vDisplayCharacter(BLOCK);
 704   2                      LCD_vCursorPos(2,i);
 705   2                      LCD_vDisplayCharacter(BLOCK);
 706   2                      //LCD_vCursorPos(3,i);
 707   2                      //LCD_DisplayCharacter(BLOCK);
 708   2                      //LCD_vCursorPos(4,i);
 709   2                      //LCD_DisplayCharacter(BLOCK);
 710   2              }
 711   1      }
 712          
 713          
 714          /*
 715          ** LCD_WipeOffRL: "Wipe" screen right-to-left.
 716          */
 717          void LCD_vWipeOffRL (void)
 718          {
 719   1              // "wipe" off old screen (right to left)
 720   1              char i;
 721   1              for (i=16; i>0; i--) {
 722   2                      #define BLOCK 0xff
 723   2                      LCD_vCursorPos(1,i);
 724   2                      LCD_vDisplayCharacter(BLOCK);
 725   2                      LCD_vCursorPos(2,i);
 726   2                      LCD_vDisplayCharacter(BLOCK);
 727   2                      //LCD_vCursorPos(3,i);
 728   2                      //LCD_DisplayCharacter(BLOCK);
 729   2                      //LCD_vCursorPos(4,i);
 730   2                      //LCD_DisplayCharacter(BLOCK);
 731   2              }
 732   1      }
 733          
 734          
 735          
 736          /*
C51 COMPILER V8.02   LCD                                                                   11/27/2018 18:28:33 PAGE 13  

 737          ** LCD_DisplayRow: Display a string at the specified row.
 738          */
 739          void LCD_vDisplayRow (char row, char *string)
 740          {
 741   1              char i;
 742   1              LCD_vCursorPos (row, 1);
 743   1              while (LCD_bBusyFlag()==1);
 744   1              for (i=0; i<16; i++)
 745   1                      LCD_vDisplayCharacter (*string++);
 746   1      }
 747          
 748          
 749          /*
 750          ** LCD_CursorLeft: Move the cursor left by one character.
 751          */
 752          void LCD_vCursorLeft (void)
 753          {
 754   1              while (LCD_bBusyFlag()==1);
 755   1              Befehle = (0x10);
 756   1      }
 757          
 758          
 759          /*
 760          ** LCD_CursorRight: Move the cursor right by one character.
 761          */
 762          void LCD_vCursorRight (void)
 763          {
 764   1              while (LCD_bBusyFlag()==1);
 765   1              Befehle = (0x14);
 766   1      }
 767          
 768          
 769          
 770          
 771          /*
 772          ** LCD_DefineCharacter: Define dot pattern for user-defined character.
 773          **
 774          **  inputs: address = address of character (0x00-0x07)
 775          **          pattern = pointer to 8-byte array containing the dot pattern
 776          */
 777          void LCD_vDefineChar (char address, const unsigned char *pattern)
 778          {
 779   1              char i;
 780   1      
 781   1              while (LCD_bBusyFlag()==1);
 782   1              Befehle = (0x40 + (address << 3));
 783   1              for (i=0; i<8; i++) {
 784   2                      //LCD_vWriteData(*pattern++);
 785   2                      LCD_vDisplayCharacter(*pattern++);
 786   2              }
 787   1      }
 788          
 789          
 790          //
 791          //write data to the LCD display 
 792          //
 793          
 794          // void LCD_vWriteData(ubyte data)
 795          // {
 796          //      while (LCD_bBusyFlag()==1);
 797          //      WRITE_Data = data;
 798          //}
C51 COMPILER V8.02   LCD                                                                   11/27/2018 18:28:33 PAGE 14  

 799          
 800          
 801          //
 802          //write data to the LCD display 
 803          //
 804          
 805          void LCD_vDisplayCharacter(unsigned char in_data)
 806          {
 807   1              while (LCD_bBusyFlag()==1);
 808   1              WRITE_Data = in_data;
 809   1      }
 810          
 811          
 812          
 813          
 814          //////////////////////////////////////////////////////////////////////////////////
 815          //      Write a text on the display                                             //
 816          //      text:        SIEMENS  HOT                                               //
 817          //                   Data:
 818          //      parameter:                                                              //
 819          //////////////////////////////////////////////////////////////////////////////////
 820          
 821          void LCD_text (void)
 822          {                                  
 823   1              LCD_vClear();
 824   1      
 825   1              LCD_vDisplayStringPos(1,1,"SIEMENS  HOT");
 826   1              LCD_vDisplayStringPos(2,1,"Data:");
 827   1       }
 828          
 829          
 830          // USER CODE BEGIN (LCD_General,3)
 831          
 832          // USER CODE END


MODULE INFORMATION:   STATIC OVERLAYABLE
   CODE SIZE        =   1721    ----
   CONSTANT SIZE    =     19    ----
   XDATA SIZE       =    112      83
   PDATA SIZE       =   ----    ----
   DATA SIZE        =   ----    ----
   IDATA SIZE       =   ----    ----
   BIT SIZE         =   ----    ----
END OF MODULE INFORMATION.


C51 COMPILATION COMPLETE.  0 WARNING(S),  0 ERROR(S)
